# JRE version: Java(TM) SE Runtime Environment (8.0_60-b27) (build 1.8.0_60-b27)
# Java VM: Java HotSpot(TM) 64-Bit Server VM (25.60-b23 mixed mode windows-amd64 compressed oops)
Heap:
 PSYoungGen      total 33280K, used 11698K [0x00000000d5d00000, 0x00000000e3380000, 0x0000000100000000)
  eden space 32768K, 35% used [0x00000000d5d00000,0x00000000d6838a48,0x00000000d7d00000)
  from space 512K, 40% used [0x00000000e3280000,0x00000000e32b4040,0x00000000e3300000)
  to   space 512K, 0% used [0x00000000e3300000,0x00000000e3300000,0x00000000e3380000)
 ParOldGen       total 28160K, used 6215K [0x0000000081600000, 0x0000000083180000, 0x00000000d5d00000)
  object space 28160K, 22% used [0x0000000081600000,0x0000000081c11fc8,0x0000000083180000)
 Metaspace       used 10340K, capacity 10524K, committed 10880K, reserved 1058816K
  class space    used 1005K, capacity 1051K, committed 1152K, reserved 1048576K
GC Heap History (10 events):
Event: 36994.618 GC heap before
{Heap before GC invocations=517182 (full 335):
 PSYoungGen      total 29696K, used 29392K [0x00000000d5d00000, 0x00000000e3380000, 0x0000000100000000)
  eden space 29184K, 100% used [0x00000000d5d00000,0x00000000d7980000,0x00000000d7980000)
  from space 512K, 40% used [0x00000000e3300000,0x00000000e3334040,0x00000000e3380000)
  to   space 512K, 0% used [0x00000000e3280000,0x00000000e3280000,0x00000000e3300000)
 ParOldGen       total 28160K, used 6135K [0x0000000081600000, 0x0000000083180000, 0x00000000d5d00000)
  object space 28160K, 21% used [0x0000000081600000,0x0000000081bfdfc8,0x0000000083180000)
 Metaspace       used 10340K, capacity 10524K, committed 10880K, reserved 1058816K
  class space    used 1005K, capacity 1051K, committed 1152K, reserved 1048576K
Event: 36994.619 GC heap after
Heap after GC invocations=517182 (full 335):
 PSYoungGen      total 29184K, used 208K [0x00000000d5d00000, 0x00000000e3380000, 0x0000000100000000)
  eden space 28672K, 0% used [0x00000000d5d00000,0x00000000d5d00000,0x00000000d7900000)
  from space 512K, 40% used [0x00000000e3280000,0x00000000e32b4040,0x00000000e3300000)
  to   space 512K, 0% used [0x00000000e3300000,0x00000000e3300000,0x00000000e3380000)
 ParOldGen       total 28160K, used 6151K [0x0000000081600000, 0x0000000083180000, 0x00000000d5d00000)
  object space 28160K, 21% used [0x0000000081600000,0x0000000081c01fc8,0x0000000083180000)
 Metaspace       used 10340K, capacity 10524K, committed 10880K, reserved 1058816K
  class space    used 1005K, capacity 1051K, committed 1152K, reserved 1048576K
}
Event: 36994.673 GC heap before
{Heap before GC invocations=517183 (full 335):
 PSYoungGen      total 29184K, used 28880K [0x00000000d5d00000, 0x00000000e3380000, 0x0000000100000000)
  eden space 28672K, 100% used [0x00000000d5d00000,0x00000000d7900000,0x00000000d7900000)
  from space 512K, 40% used [0x00000000e3280000,0x00000000e32b4040,0x00000000e3300000)
  to   space 512K, 0% used [0x00000000e3300000,0x00000000e3300000,0x00000000e3380000)
 ParOldGen       total 28160K, used 6151K [0x0000000081600000, 0x0000000083180000, 0x00000000d5d00000)
  object space 28160K, 21% used [0x0000000081600000,0x0000000081c01fc8,0x0000000083180000)
 Metaspace       used 10340K, capacity 10524K, committed 10880K, reserved 1058816K
  class space    used 1005K, capacity 1051K, committed 1152K, reserved 1048576K
Event: 36994.674 GC heap after
Heap after GC invocations=517183 (full 335):
 PSYoungGen      total 28672K, used 224K [0x00000000d5d00000, 0x00000000e3380000, 0x0000000100000000)
  eden space 28160K, 0% used [0x00000000d5d00000,0x00000000d5d00000,0x00000000d7880000)
  from space 512K, 43% used [0x00000000e3300000,0x00000000e3338050,0x00000000e3380000)
  to   space 512K, 0% used [0x00000000e3280000,0x00000000e3280000,0x00000000e3300000)
 ParOldGen       total 28160K, used 6167K [0x0000000081600000, 0x0000000083180000, 0x00000000d5d00000)
  object space 28160K, 21% used [0x0000000081600000,0x0000000081c05fc8,0x0000000083180000)
 Metaspace       used 10340K, capacity 10524K, committed 10880K, reserved 1058816K
  class space    used 1005K, capacity 1051K, committed 1152K, reserved 1048576K
}
Event: 36994.722 GC heap before
{Heap before GC invocations=517184 (full 335):
 PSYoungGen      total 28672K, used 28384K [0x00000000d5d00000, 0x00000000e3380000, 0x0000000100000000)
  eden space 28160K, 100% used [0x00000000d5d00000,0x00000000d7880000,0x00000000d7880000)
  from space 512K, 43% used [0x00000000e3300000,0x00000000e3338050,0x00000000e3380000)
  to   space 512K, 0% used [0x00000000e3280000,0x00000000e3280000,0x00000000e3300000)
 ParOldGen       total 28160K, used 6167K [0x0000000081600000, 0x0000000083180000, 0x00000000d5d00000)
  object space 28160K, 21% used [0x0000000081600000,0x0000000081c05fc8,0x0000000083180000)
 Metaspace       used 10340K, capacity 10524K, committed 10880K, reserved 1058816K
  class space    used 1005K, capacity 1051K, committed 1152K, reserved 1048576K
Event: 36994.723 GC heap after
Heap after GC invocations=517184 (full 335):
 PSYoungGen      total 28160K, used 160K [0x00000000d5d00000, 0x00000000e3380000, 0x0000000100000000)
  eden space 27648K, 0% used [0x00000000d5d00000,0x00000000d5d00000,0x00000000d7800000)
  from space 512K, 31% used [0x00000000e3280000,0x00000000e32a8010,0x00000000e3300000)
  to   space 512K, 0% used [0x00000000e3300000,0x00000000e3300000,0x00000000e3380000)
 ParOldGen       total 28160K, used 6183K [0x0000000081600000, 0x0000000083180000, 0x00000000d5d00000)
  object space 28160K, 21% used [0x0000000081600000,0x0000000081c09fc8,0x0000000083180000)
 Metaspace       used 10340K, capacity 10524K, committed 10880K, reserved 1058816K
  class space    used 1005K, capacity 1051K, committed 1152K, reserved 1048576K
}
Event: 36994.761 GC heap before
{Heap before GC invocations=517185 (full 335):
 PSYoungGen      total 28160K, used 27779K [0x00000000d5d00000, 0x00000000e3380000, 0x0000000100000000)
  eden space 27648K, 99% used [0x00000000d5d00000,0x00000000d77f8e68,0x00000000d7800000)
  from space 512K, 31% used [0x00000000e3280000,0x00000000e32a8010,0x00000000e3300000)
  to   space 512K, 0% used [0x00000000e3300000,0x00000000e3300000,0x00000000e3380000)
 ParOldGen       total 28160K, used 6183K [0x0000000081600000, 0x0000000083180000, 0x00000000d5d00000)
  object space 28160K, 21% used [0x0000000081600000,0x0000000081c09fc8,0x0000000083180000)
 Metaspace       used 10340K, capacity 10524K, committed 10880K, reserved 1058816K
  class space    used 1005K, capacity 1051K, committed 1152K, reserved 1048576K
Event: 36994.761 GC heap after
Heap after GC invocations=517185 (full 335):
 PSYoungGen      total 33792K, used 160K [0x00000000d5d00000, 0x00000000e3380000, 0x0000000100000000)
  eden space 33280K, 0% used [0x00000000d5d00000,0x00000000d5d00000,0x00000000d7d80000)
  from space 512K, 31% used [0x00000000e3300000,0x00000000e3328010,0x00000000e3380000)
  to   space 512K, 0% used [0x00000000e3280000,0x00000000e3280000,0x00000000e3300000)
 ParOldGen       total 28160K, used 6199K [0x0000000081600000, 0x0000000083180000, 0x00000000d5d00000)
  object space 28160K, 22% used [0x0000000081600000,0x0000000081c0dfc8,0x0000000083180000)
 Metaspace       used 10340K, capacity 10524K, committed 10880K, reserved 1058816K
  class space    used 1005K, capacity 1051K, committed 1152K, reserved 1048576K
}
Event: 36994.854 GC heap before
{Heap before GC invocations=517186 (full 335):
 PSYoungGen      total 33792K, used 33440K [0x00000000d5d00000, 0x00000000e3380000, 0x0000000100000000)
  eden space 33280K, 100% used [0x00000000d5d00000,0x00000000d7d80000,0x00000000d7d80000)
  from space 512K, 31% used [0x00000000e3300000,0x00000000e3328010,0x00000000e3380000)
  to   space 512K, 0% used [0x00000000e3280000,0x00000000e3280000,0x00000000e3300000)
 ParOldGen       total 28160K, used 6199K [0x0000000081600000, 0x0000000083180000, 0x00000000d5d00000)
  object space 28160K, 22% used [0x0000000081600000,0x0000000081c0dfc8,0x0000000083180000)
 Metaspace       used 10340K, capacity 10524K, committed 10880K, reserved 1058816K
  class space    used 1005K, capacity 1051K, committed 1152K, reserved 1048576K
Event: 36994.855 GC heap after
Heap after GC invocations=517186 (full 335):
 PSYoungGen      total 33280K, used 208K [0x00000000d5d00000, 0x00000000e3380000, 0x0000000100000000)
  eden space 32768K, 0% used [0x00000000d5d00000,0x00000000d5d00000,0x00000000d7d00000)
  from space 512K, 40% used [0x00000000e3280000,0x00000000e32b4040,0x00000000e3300000)
  to   space 512K, 0% used [0x00000000e3300000,0x00000000e3300000,0x00000000e3380000)
 ParOldGen       total 28160K, used 6215K [0x0000000081600000, 0x0000000083180000, 0x00000000d5d00000)
  object space 28160K, 22% used [0x0000000081600000,0x0000000081c11fc8,0x0000000083180000)
 Metaspace       used 10340K, capacity 10524K, committed 10880K, reserved 1058816K
  class space    used 1005K, capacity 1051K, committed 1152K, reserved 1048576K
}

